{"ts":"2025-10-21T11:59:13.882Z","event":"mongoose_connected","state":1}
{"ts":"2025-10-21T11:59:13.883Z","event":"db_connect_success","url":"mongodb://localhost:27017/mindfulness_app","state":1}
{"ts":"2025-10-21T17:30:44.263Z","event":"mongoose_disconnected","state":0}
{"ts":"2025-10-21T17:30:44.264Z","event":"db_connect_error","message":"connect ECONNREFUSED ::1:27017, connect ECONNREFUSED 127.0.0.1:27017","stack":"MongooseServerSelectionError: connect ECONNREFUSED ::1:27017, connect ECONNREFUSED 127.0.0.1:27017\n    at _handleConnectionErrors (/workspaces/Mindfulness/Mental_Health_App/backend/node_modules/mongoose/lib/connection.js:896:11)\n    at NativeConnection.openUri (/workspaces/Mindfulness/Mental_Health_App/backend/node_modules/mongoose/lib/connection.js:847:11)\n    at async Connection (file:///workspaces/Mindfulness/Mental_Health_App/backend/database/db.js:12:9)","url":"mongodb://localhost:27017/mindfulness_app"}
{"ts":"2025-10-21T17:30:44.265Z","event":"mongoose_error","message":"connect ECONNREFUSED ::1:27017, connect ECONNREFUSED 127.0.0.1:27017","stack":"MongoServerSelectionError: connect ECONNREFUSED ::1:27017, connect ECONNREFUSED 127.0.0.1:27017\n    at Topology.selectServer (/workspaces/Mindfulness/Mental_Health_App/backend/node_modules/mongodb/lib/sdam/topology.js:303:38)\n    at async Topology._connect (/workspaces/Mindfulness/Mental_Health_App/backend/node_modules/mongodb/lib/sdam/topology.js:196:28)\n    at async Topology.connect (/workspaces/Mindfulness/Mental_Health_App/backend/node_modules/mongodb/lib/sdam/topology.js:158:13)\n    at async topologyConnect (/workspaces/Mindfulness/Mental_Health_App/backend/node_modules/mongodb/lib/mongo_client.js:204:17)\n    at async MongoClient._connect (/workspaces/Mindfulness/Mental_Health_App/backend/node_modules/mongodb/lib/mongo_client.js:217:13)\n    at async MongoClient.connect (/workspaces/Mindfulness/Mental_Health_App/backend/node_modules/mongodb/lib/mongo_client.js:142:13)\n    at async NativeConnection.createClient (/workspaces/Mindfulness/Mental_Health_App/backend/node_modules/mongoose/lib/drivers/node-mongodb-native/connection.js:314:3)\n    at async NativeConnection.openUri (/workspaces/Mindfulness/Mental_Health_App/backend/node_modules/mongoose/lib/connection.js:845:5)\n    at async Connection (file:///workspaces/Mindfulness/Mental_Health_App/backend/database/db.js:12:9)"}
{"ts":"2025-10-22T12:29:40.714Z","event":"mongoose_connected","state":1}
{"ts":"2025-10-22T12:29:40.716Z","event":"db_connect_success","url":"mongodb://localhost:27017/mindfulness_app","state":1}
{"ts":"2025-10-22T12:35:35.920Z","event":"mongoose_connected","state":1}
{"ts":"2025-10-22T12:35:35.922Z","event":"db_connect_success","url":"mongodb://localhost:27017/mindfulness_app","state":1}
{"ts":"2025-10-22T12:35:38.496Z","event":"mongoose_connected","state":1}
{"ts":"2025-10-22T12:35:38.500Z","event":"db_connect_success","url":"mongodb://localhost:27017/mindfulness_app","state":1}
{"ts":"2025-10-22T12:35:45.969Z","event":"mongoose_connected","state":1}
{"ts":"2025-10-22T12:35:45.986Z","event":"db_connect_success","url":"mongodb://localhost:27017/mindfulness_app","state":1}
{"ts":"2025-10-22T12:35:57.207Z","event":"mongoose_connected","state":1}
{"ts":"2025-10-22T12:35:57.214Z","event":"db_connect_success","url":"mongodb://localhost:27017/mindfulness_app","state":1}
{"ts":"2025-10-22T12:36:04.089Z","event":"mongoose_connected","state":1}
{"ts":"2025-10-22T12:36:04.093Z","event":"db_connect_success","url":"mongodb://localhost:27017/mindfulness_app","state":1}
{"ts":"2025-10-22T12:42:56.362Z","event":"mongoose_connected","state":1}
{"ts":"2025-10-22T12:42:56.364Z","event":"db_connect_success","url":"mongodb://localhost:27017/mindfulness_app","state":1}
{"ts":"2025-10-24T01:07:40.002Z","event":"mongoose_connected","state":1}
{"ts":"2025-10-24T01:07:40.004Z","event":"db_connect_success","url":"mongodb://localhost:27017/mindfulness_app","state":1}
{"ts":"2025-10-24T01:49:19.773Z","event":"mongoose_connected","state":1}
{"ts":"2025-10-24T01:49:19.775Z","event":"db_connect_success","url":"mongodb://localhost:27017/mindfulness_app","state":1}
{"ts":"2025-10-24T01:49:20.579Z","event":"mongoose_connected","state":1}
{"ts":"2025-10-24T01:49:20.584Z","event":"db_connect_success","url":"mongodb://localhost:27017/mindfulness_app","state":1}
